Arguments: 
  C:\Program Files\nodejs\node.exe C:\Users\zhutiantian\AppData\Roaming\npm\node_modules\yarn\bin\yarn.js add wx-server-sdk --silent --no-progress

PATH: 
  C:\Program Files\nodejs\node_modules\npm\node_modules\npm-lifecycle\node-gyp-bin;I:\git\wechat-cloud-web\node_modules\.bin;C:\Program Files\nodejs\node_modules\npm\node_modules\npm-lifecycle\node-gyp-bin;I:\git\wechat-cloud-web\node_modules\.bin;C:\windows\system32;C:\windows;C:\windows\System32\Wbem;C:\windows\System32\WindowsPowerShell\v1.0\;C:\Program Files\nodejs\;H:\Git\cmd;C:\Program Files (x86)\Windows Kits\8.1\Windows Performance Toolkit\;C:\Program Files\Microsoft SQL Server\110\Tools\Binn\;C:\Users\zhutiantian\AppData\Roaming\npm;H:\Microsoft VS Code\bin

Yarn version: 
  1.16.0

Node version: 
  12.6.0

Platform: 
  win32 x64

Trace: 
  Error: https://registry.yarnpkg.com/rxjs/-/rxjs-6.5.2.tgz: ESOCKETTIMEDOUT
      at ClientRequest.<anonymous> (C:\Users\zhutiantian\AppData\Roaming\npm\node_modules\yarn\lib\cli.js:130217:19)
      at Object.onceWrapper (events.js:291:20)
      at ClientRequest.emit (events.js:203:13)
      at TLSSocket.emitRequestTimeout (_http_client.js:675:40)
      at Object.onceWrapper (events.js:291:20)
      at TLSSocket.emit (events.js:203:13)
      at TLSSocket.Socket._onTimeout (net.js:434:8)
      at listOnTimeout (internal/timers.js:531:17)
      at processTimers (internal/timers.js:475:7)

npm manifest: 
  {
    "name": "app",
    "version": "1.0.0",
    "private": true,
    "description": "cloud",
    "templateInfo": {
      "name": "redux",
      "typescript": true,
      "css": "stylus"
    },
    "scripts": {
      "build:weapp": "taro build --type weapp",
      "build:swan": "taro build --type swan",
      "build:alipay": "taro build --type alipay",
      "build:tt": "taro build --type tt",
      "build:h5": "taro build --type h5",
      "build:rn": "taro build --type rn",
      "dev:weapp": "npm run build:weapp -- --watch",
      "dev:swan": "npm run build:swan -- --watch",
      "dev:alipay": "npm run build:alipay -- --watch",
      "dev:tt": "npm run build:tt -- --watch",
      "dev:h5": "npm run build:h5 -- --watch",
      "dev:rn": "npm run build:rn -- --watch"
    },
    "author": "",
    "license": "MIT",
    "dependencies": {
      "@tarojs/async-await": "1.3.13",
      "@tarojs/components": "1.3.13",
      "@tarojs/redux": "1.3.13",
      "@tarojs/redux-h5": "1.3.13",
      "@tarojs/router": "1.3.13",
      "@tarojs/taro": "1.3.13",
      "@tarojs/taro-alipay": "1.3.13",
      "@tarojs/taro-h5": "1.3.13",
      "@tarojs/taro-swan": "1.3.13",
      "@tarojs/taro-tt": "1.3.13",
      "@tarojs/taro-weapp": "1.3.13",
      "nerv-devtools": "^1.4.0",
      "nervjs": "^1.4.0",
      "redux": "^4.0.0",
      "redux-logger": "^3.0.6",
      "redux-thunk": "^2.3.0",
      "wx-server-sdk": "^0.8.1"
    },
    "devDependencies": {
      "@types/react": "^16.4.8",
      "@types/webpack-env": "^1.13.6",
      "@tarojs/plugin-babel": "1.3.13",
      "@tarojs/plugin-csso": "1.3.13",
      "@tarojs/plugin-stylus": "1.3.13",
      "@tarojs/plugin-uglifyjs": "1.3.13",
      "@tarojs/webpack-runner": "1.3.13",
      "babel-plugin-transform-class-properties": "^6.24.1",
      "babel-plugin-transform-decorators-legacy": "^1.3.4",
      "babel-plugin-transform-jsx-stylesheet": "^0.6.5",
      "babel-plugin-transform-object-rest-spread": "^6.26.0",
      "babel-preset-env": "^1.6.1",
      "babel-eslint": "^8.2.3",
      "eslint": "^5.16.0",
      "eslint-config-taro": "1.3.13",
      "eslint-plugin-react": "^7.8.2",
      "eslint-plugin-react-hooks": "^1.6.1",
      "eslint-plugin-import": "^2.12.0",
      "stylelint": "9.3.0",
      "stylelint-config-taro-rn": "1.3.13",
      "stylelint-taro-rn": "1.3.13",
      "eslint-plugin-taro": "1.3.13",
      "@typescript-eslint/parser": "^1.6.0",
      "typescript": "^3.0.1"
    }
  }

yarn manifest: 
  No manifest

Lockfile: 
  No lockfile
